# JRE version: Java(TM) SE Runtime Environment (8.0_221-b11) (build 1.8.0_221-b11)
# Java VM: Java HotSpot(TM) 64-Bit Server VM (25.221-b11 mixed mode linux-amd64 compressed oops)
Heap:
 PSYoungGen      total 66048K, used 5111K [0x00000000ec380000, 0x00000000f0980000, 0x0000000100000000)
  eden space 60928K, 0% used [0x00000000ec380000,0x00000000ec380000,0x00000000eff00000)
  from space 5120K, 99% used [0x00000000eff00000,0x00000000f03fdd08,0x00000000f0400000)
  to   space 4608K, 0% used [0x00000000f0400000,0x00000000f0400000,0x00000000f0880000)
 ParOldGen       total 40960K, used 4014K [0x00000000c4a00000, 0x00000000c7200000, 0x00000000ec380000)
  object space 40960K, 9% used [0x00000000c4a00000,0x00000000c4deb9d8,0x00000000c7200000)
 Metaspace       used 18700K, capacity 19224K, committed 19456K, reserved 1067008K
  class space    used 2340K, capacity 2482K, committed 2560K, reserved 1048576K
GC Heap History (10 events):
Event: 28,591 GC heap after
Heap after GC invocations=2 (full 0):
 PSYoungGen      total 17920K, used 2543K [0x00000000ec380000, 0x00000000ee680000, 0x0000000100000000)
  eden space 15360K, 0% used [0x00000000ec380000,0x00000000ec380000,0x00000000ed280000)
  from space 2560K, 99% used [0x00000000ed500000,0x00000000ed77bde8,0x00000000ed780000)
  to   space 2560K, 0% used [0x00000000ed280000,0x00000000ed280000,0x00000000ed500000)
 ParOldGen       total 40960K, used 0K [0x00000000c4a00000, 0x00000000c7200000, 0x00000000ec380000)
  object space 40960K, 0% used [0x00000000c4a00000,0x00000000c4a00000,0x00000000c7200000)
 Metaspace       used 8615K, capacity 8800K, committed 8960K, reserved 1056768K
  class space    used 919K, capacity 996K, committed 1024K, reserved 1048576K
}
Event: 37,059 GC heap before
{Heap before GC invocations=3 (full 0):
 PSYoungGen      total 17920K, used 17903K [0x00000000ec380000, 0x00000000ee680000, 0x0000000100000000)
  eden space 15360K, 100% used [0x00000000ec380000,0x00000000ed280000,0x00000000ed280000)
  from space 2560K, 99% used [0x00000000ed500000,0x00000000ed77bde8,0x00000000ed780000)
  to   space 2560K, 0% used [0x00000000ed280000,0x00000000ed280000,0x00000000ed500000)
 ParOldGen       total 40960K, used 0K [0x00000000c4a00000, 0x00000000c7200000, 0x00000000ec380000)
  object space 40960K, 0% used [0x00000000c4a00000,0x00000000c4a00000,0x00000000c7200000)
 Metaspace       used 10185K, capacity 10444K, committed 10752K, reserved 1058816K
  class space    used 1125K, capacity 1200K, committed 1280K, reserved 1048576K
Event: 37,079 GC heap after
Heap after GC invocations=3 (full 0):
 PSYoungGen      total 17920K, used 2560K [0x00000000ec380000, 0x00000000ee680000, 0x0000000100000000)
  eden space 15360K, 0% used [0x00000000ec380000,0x00000000ec380000,0x00000000ed280000)
  from space 2560K, 100% used [0x00000000ed280000,0x00000000ed500000,0x00000000ed500000)
  to   space 2560K, 0% used [0x00000000ee400000,0x00000000ee400000,0x00000000ee680000)
 ParOldGen       total 40960K, used 243K [0x00000000c4a00000, 0x00000000c7200000, 0x00000000ec380000)
  object space 40960K, 0% used [0x00000000c4a00000,0x00000000c4a3cd20,0x00000000c7200000)
 Metaspace       used 10185K, capacity 10444K, committed 10752K, reserved 1058816K
  class space    used 1125K, capacity 1200K, committed 1280K, reserved 1048576K
}
Event: 43,846 GC heap before
{Heap before GC invocations=4 (full 0):
 PSYoungGen      total 17920K, used 17920K [0x00000000ec380000, 0x00000000ee680000, 0x0000000100000000)
  eden space 15360K, 100% used [0x00000000ec380000,0x00000000ed280000,0x00000000ed280000)
  from space 2560K, 100% used [0x00000000ed280000,0x00000000ed500000,0x00000000ed500000)
  to   space 2560K, 0% used [0x00000000ee400000,0x00000000ee400000,0x00000000ee680000)
 ParOldGen       total 40960K, used 247K [0x00000000c4a00000, 0x00000000c7200000, 0x00000000ec380000)
  object space 40960K, 0% used [0x00000000c4a00000,0x00000000c4a3df30,0x00000000c7200000)
 Metaspace       used 11786K, capacity 12078K, committed 12160K, reserved 1060864K
  class space    used 1309K, capacity 1401K, committed 1408K, reserved 1048576K
Event: 43,864 GC heap after
Heap after GC invocations=4 (full 0):
 PSYoungGen      total 33280K, used 2544K [0x00000000ec380000, 0x00000000ee680000, 0x0000000100000000)
  eden space 30720K, 0% used [0x00000000ec380000,0x00000000ec380000,0x00000000ee180000)
  from space 2560K, 99% used [0x00000000ee400000,0x00000000ee67c030,0x00000000ee680000)
  to   space 2560K, 0% used [0x00000000ee180000,0x00000000ee180000,0x00000000ee400000)
 ParOldGen       total 40960K, used 772K [0x00000000c4a00000, 0x00000000c7200000, 0x00000000ec380000)
  object space 40960K, 1% used [0x00000000c4a00000,0x00000000c4ac1190,0x00000000c7200000)
 Metaspace       used 11786K, capacity 12078K, committed 12160K, reserved 1060864K
  class space    used 1309K, capacity 1401K, committed 1408K, reserved 1048576K
}
Event: 50,806 GC heap before
{Heap before GC invocations=5 (full 0):
 PSYoungGen      total 33280K, used 33264K [0x00000000ec380000, 0x00000000ee680000, 0x0000000100000000)
  eden space 30720K, 100% used [0x00000000ec380000,0x00000000ee180000,0x00000000ee180000)
  from space 2560K, 99% used [0x00000000ee400000,0x00000000ee67c030,0x00000000ee680000)
  to   space 2560K, 0% used [0x00000000ee180000,0x00000000ee180000,0x00000000ee400000)
 ParOldGen       total 40960K, used 775K [0x00000000c4a00000, 0x00000000c7200000, 0x00000000ec380000)
  object space 40960K, 1% used [0x00000000c4a00000,0x00000000c4ac1cc8,0x00000000c7200000)
 Metaspace       used 13823K, capacity 14242K, committed 14336K, reserved 1062912K
  class space    used 1647K, capacity 1765K, committed 1792K, reserved 1048576K
Event: 50,861 GC heap after
Heap after GC invocations=5 (full 0):
 PSYoungGen      total 33280K, used 2544K [0x00000000ec380000, 0x00000000f0880000, 0x0000000100000000)
  eden space 30720K, 0% used [0x00000000ec380000,0x00000000ec380000,0x00000000ee180000)
  from space 2560K, 99% used [0x00000000ee180000,0x00000000ee3fc010,0x00000000ee400000)
  to   space 4608K, 0% used [0x00000000f0400000,0x00000000f0400000,0x00000000f0880000)
 ParOldGen       total 40960K, used 2485K [0x00000000c4a00000, 0x00000000c7200000, 0x00000000ec380000)
  object space 40960K, 6% used [0x00000000c4a00000,0x00000000c4c6d618,0x00000000c7200000)
 Metaspace       used 13823K, capacity 14242K, committed 14336K, reserved 1062912K
  class space    used 1647K, capacity 1765K, committed 1792K, reserved 1048576K
}
Event: 61,462 GC heap before
{Heap before GC invocations=6 (full 0):
 PSYoungGen      total 33280K, used 33264K [0x00000000ec380000, 0x00000000f0880000, 0x0000000100000000)
  eden space 30720K, 100% used [0x00000000ec380000,0x00000000ee180000,0x00000000ee180000)
  from space 2560K, 99% used [0x00000000ee180000,0x00000000ee3fc010,0x00000000ee400000)
  to   space 4608K, 0% used [0x00000000f0400000,0x00000000f0400000,0x00000000f0880000)
 ParOldGen       total 40960K, used 2531K [0x00000000c4a00000, 0x00000000c7200000, 0x00000000ec380000)
  object space 40960K, 6% used [0x00000000c4a00000,0x00000000c4c78c40,0x00000000c7200000)
 Metaspace       used 15183K, capacity 15626K, committed 15872K, reserved 1062912K
  class space    used 1889K, capacity 1991K, committed 2048K, reserved 1048576K
Event: 61,572 GC heap after
Heap after GC invocations=6 (full 0):
 PSYoungGen      total 65536K, used 4225K [0x00000000ec380000, 0x00000000f0980000, 0x0000000100000000)
  eden space 60928K, 0% used [0x00000000ec380000,0x00000000ec380000,0x00000000eff00000)
  from space 4608K, 91% used [0x00000000f0400000,0x00000000f0820450,0x00000000f0880000)
  to   space 5120K, 0% used [0x00000000eff00000,0x00000000eff00000,0x00000000f0400000)
 ParOldGen       total 40960K, used 2539K [0x00000000c4a00000, 0x00000000c7200000, 0x00000000ec380000)
  object space 40960K, 6% used [0x00000000c4a00000,0x00000000c4c7ac40,0x00000000c7200000)
 Metaspace       used 15183K, capacity 15626K, committed 15872K, reserved 1062912K
  class space    used 1889K, capacity 1991K, committed 2048K, reserved 1048576K
}
Event: 104,741 GC heap before
{Heap before GC invocations=7 (full 0):
 PSYoungGen      total 65536K, used 65153K [0x00000000ec380000, 0x00000000f0980000, 0x0000000100000000)
  eden space 60928K, 100% used [0x00000000ec380000,0x00000000eff00000,0x00000000eff00000)
  from space 4608K, 91% used [0x00000000f0400000,0x00000000f0820450,0x00000000f0880000)
  to   space 5120K, 0% used [0x00000000eff00000,0x00000000eff00000,0x00000000f0400000)
 ParOldGen       total 40960K, used 2583K [0x00000000c4a00000, 0x00000000c7200000, 0x00000000ec380000)
  object space 40960K, 6% used [0x00000000c4a00000,0x00000000c4c85c80,0x00000000c7200000)
 Metaspace       used 18700K, capacity 19224K, committed 19456K, reserved 1067008K
  class space    used 2340K, capacity 2482K, committed 2560K, reserved 1048576K

